<?xml version="1.0" encoding="UTF-8"?>
<testsuite xmlns:xsi="http://www.w3.org/2001/XMLSchema-instance" xsi:noNamespaceSchemaLocation="https://maven.apache.org/surefire/maven-surefire-plugin/xsd/surefire-test-report-3.0.xsd" version="3.0" name="com.acmebank.accountmanager.controller.AccountControllerIntegrationTest" time="1.535" tests="5" errors="0" skipped="0" failures="0">
  <properties>
[...]
</properties>
  <testcase name="testGetAccountBalanceReturnAccountIdAndBalance" classname="com.acmebank.accountmanager.controller.AccountControllerIntegrationTest" time="0.084">
    <system-out><![CDATA[
  .   ____          _            __ _ _
 /\\ / ___'_ __ _ _(_)_ __  __ _ \ \ \ \
( ( )\___ | '_ | '_| | '_ \/ _` | \ \ \ \
 \\/  ___)| |_)| | | | | || (_| |  ) ) ) )
  '  |____| .__|_| |_|_| |_\__, | / / / /
 =========|_|==============|___/=/_/_/_/
 :: Spring Boot ::                (v3.1.0)

2024-04-17T23:21:47.297+08:00  INFO 12635 --- [           main] c.a.a.c.AccountControllerIntegrationTest : Starting AccountControllerIntegrationTest using Java 17.0.9 with PID 12635 (started by samuelchow in /Users/samuelchow/Documents/workspace/account-manager)
2024-04-17T23:21:47.297+08:00  INFO 12635 --- [           main] c.a.a.c.AccountControllerIntegrationTest : No active profile set, falling back to 1 default profile: "default"
2024-04-17T23:21:47.464+08:00  INFO 12635 --- [           main] .s.d.r.c.RepositoryConfigurationDelegate : Bootstrapping Spring Data JPA repositories in DEFAULT mode.
2024-04-17T23:21:47.482+08:00  INFO 12635 --- [           main] .s.d.r.c.RepositoryConfigurationDelegate : Finished Spring Data repository scanning in 13 ms. Found 2 JPA repository interfaces.
2024-04-17T23:21:47.638+08:00  INFO 12635 --- [           main] o.s.b.w.embedded.tomcat.TomcatWebServer  : Tomcat initialized with port(s): 0 (http)
2024-04-17T23:21:47.642+08:00  INFO 12635 --- [           main] o.apache.catalina.core.StandardService   : Starting service [Tomcat]
2024-04-17T23:21:47.642+08:00  INFO 12635 --- [           main] o.apache.catalina.core.StandardEngine    : Starting Servlet engine: [Apache Tomcat/10.1.8]
2024-04-17T23:21:47.684+08:00  INFO 12635 --- [           main] o.a.c.c.C.[Tomcat].[localhost].[/]       : Initializing Spring embedded WebApplicationContext
2024-04-17T23:21:47.684+08:00  INFO 12635 --- [           main] w.s.c.ServletWebServerApplicationContext : Root WebApplicationContext: initialization completed in 386 ms
2024-04-17T23:21:47.737+08:00  INFO 12635 --- [           main] com.zaxxer.hikari.HikariDataSource       : HikariPool-1 - Starting...
2024-04-17T23:21:47.867+08:00  INFO 12635 --- [           main] com.zaxxer.hikari.pool.HikariPool        : HikariPool-1 - Added connection conn0: url=jdbc:h2:mem:test user=SA
2024-04-17T23:21:47.868+08:00  INFO 12635 --- [           main] com.zaxxer.hikari.HikariDataSource       : HikariPool-1 - Start completed.
2024-04-17T23:21:47.889+08:00  INFO 12635 --- [           main] o.hibernate.jpa.internal.util.LogHelper  : HHH000204: Processing PersistenceUnitInfo [name: default]
2024-04-17T23:21:47.914+08:00  INFO 12635 --- [           main] org.hibernate.Version                    : HHH000412: Hibernate ORM core version 6.2.2.Final
2024-04-17T23:21:47.915+08:00  INFO 12635 --- [           main] org.hibernate.cfg.Environment            : HHH000406: Using bytecode reflection optimizer
2024-04-17T23:21:47.982+08:00  INFO 12635 --- [           main] o.h.b.i.BytecodeProviderInitiator        : HHH000021: Bytecode provider name : bytebuddy
2024-04-17T23:21:47.986+08:00  INFO 12635 --- [           main] o.s.o.j.p.SpringPersistenceUnitInfo      : No LoadTimeWeaver setup: ignoring JPA class transformer
2024-04-17T23:21:48.004+08:00  INFO 12635 --- [           main] org.hibernate.orm.dialect                : HHH035001: Using dialect: org.hibernate.dialect.H2Dialect, version: 2.1.214
2024-04-17T23:21:48.091+08:00  INFO 12635 --- [           main] o.h.b.i.BytecodeProviderInitiator        : HHH000021: Bytecode provider name : bytebuddy
2024-04-17T23:21:48.308+08:00  INFO 12635 --- [           main] o.h.e.t.j.p.i.JtaPlatformInitiator       : HHH000490: Using JtaPlatform implementation: [org.hibernate.engine.transaction.jta.platform.internal.NoJtaPlatform]
2024-04-17T23:21:48.323+08:00  INFO 12635 --- [           main] o.h.t.s.i.e.GenerationTargetToDatabase   : HHH000476: Executing script '[injected ScriptSourceInputNonExistentImpl script]'
2024-04-17T23:21:48.324+08:00  INFO 12635 --- [           main] j.LocalContainerEntityManagerFactoryBean : Initialized JPA EntityManagerFactory for persistence unit 'default'
2024-04-17T23:21:48.505+08:00  WARN 12635 --- [           main] JpaBaseConfiguration$JpaWebConfiguration : spring.jpa.open-in-view is enabled by default. Therefore, database queries may be performed during view rendering. Explicitly configure spring.jpa.open-in-view to disable this warning
2024-04-17T23:21:48.656+08:00  INFO 12635 --- [           main] o.s.b.w.embedded.tomcat.TomcatWebServer  : Tomcat started on port(s): 61129 (http) with context path ''
2024-04-17T23:21:48.660+08:00  INFO 12635 --- [           main] c.a.a.c.AccountControllerIntegrationTest : Started AccountControllerIntegrationTest in 1.38 seconds (process running for 2.941)
2024-04-17T23:21:48.698+08:00  INFO 12635 --- [o-auto-1-exec-1] o.a.c.c.C.[Tomcat].[localhost].[/]       : Initializing Spring DispatcherServlet 'dispatcherServlet'
2024-04-17T23:21:48.698+08:00  INFO 12635 --- [o-auto-1-exec-1] o.s.web.servlet.DispatcherServlet        : Initializing Servlet 'dispatcherServlet'
2024-04-17T23:21:48.699+08:00  INFO 12635 --- [o-auto-1-exec-1] o.s.web.servlet.DispatcherServlet        : Completed initialization in 1 ms
]]></system-out>
  </testcase>
  <testcase name="testGetAccountBalanceNotReturnAccountIdAndBalance" classname="com.acmebank.accountmanager.controller.AccountControllerIntegrationTest" time="0.004"/>
  <testcase name="testTransferInvalidAccount" classname="com.acmebank.accountmanager.controller.AccountControllerIntegrationTest" time="0.009"/>
  <testcase name="testTransferNotEnoughBalance" classname="com.acmebank.accountmanager.controller.AccountControllerIntegrationTest" time="0.005"/>
  <testcase name="testTransferTransferSuccessful" classname="com.acmebank.accountmanager.controller.AccountControllerIntegrationTest" time="0.032"/>
</testsuite>